2003.10.29 08:26 B C:\Program Files\WS_FTP\backup\web\UnitConversions\AboutUnitConversions.html <-- Microsoft /web/UnitConversions AboutUnitConversions.html
2003.10.29 08:26 B C:\Program Files\WS_FTP\backup\web\UnitConversions\Acceleration.html <-- Microsoft /web/UnitConversions Acceleration.html
2003.10.29 08:26 B C:\Program Files\WS_FTP\backup\web\UnitConversions\Angle.html <-- Microsoft /web/UnitConversions Angle.html
2003.10.29 08:26 B C:\Program Files\WS_FTP\backup\web\UnitConversions\AngularVelocity.html <-- Microsoft /web/UnitConversions AngularVelocity.html
2003.10.29 08:26 B C:\Program Files\WS_FTP\backup\web\UnitConversions\AppletConvert.jar <-- Microsoft /web/UnitConversions AppletConvert.jar
2003.10.29 08:26 B C:\Program Files\WS_FTP\backup\web\UnitConversions\Area.html <-- Microsoft /web/UnitConversions Area.html
2003.10.29 08:26 B C:\Program Files\WS_FTP\backup\web\UnitConversions\AreaConversions.gif <-- Microsoft /web/UnitConversions AreaConversions.gif
2003.10.29 08:26 B C:\Program Files\WS_FTP\backup\web\UnitConversions\blutextb_backgroundPage.gif <-- Microsoft /web/UnitConversions blutextb_backgroundPage.gif
2003.10.29 08:26 B C:\Program Files\WS_FTP\backup\web\UnitConversions\CancelOrderUnitConversionsCD.html <-- Microsoft /web/UnitConversions CancelOrderUnitConversionsCD.html
2003.10.29 08:26 B C:\Program Files\WS_FTP\backup\web\UnitConversions\Chemical.html <-- Microsoft /web/UnitConversions Chemical.html
2003.10.29 08:26 B C:\Program Files\WS_FTP\backup\web\UnitConversions\ChemicalFlowRate.html <-- Microsoft /web/UnitConversions ChemicalFlowRate.html
2003.10.29 08:26 B C:\Program Files\WS_FTP\backup\web\UnitConversions\CommonConversions.gif <-- Microsoft /web/UnitConversions CommonConversions.gif
2003.10.29 08:26 B C:\Program Files\WS_FTP\backup\web\UnitConversions\CommonConversions.html <-- Microsoft /web/UnitConversions CommonConversions.html
2003.10.29 08:26 B C:\Program Files\WS_FTP\backup\web\UnitConversions\CompleteOrderUnitConversionsCD.html <-- Microsoft /web/UnitConversions CompleteOrderUnitConversionsCD.html
2003.10.29 08:26 B C:\Program Files\WS_FTP\backup\web\UnitConversions\CopyRight.pdf <-- Microsoft /web/UnitConversions CopyRight.pdf
2003.10.29 08:26 B C:\Program Files\WS_FTP\backup\web\UnitConversions\CustomerDownload.html <-- Microsoft /web/UnitConversions CustomerDownload.html
2003.10.29 08:26 B C:\Program Files\WS_FTP\backup\web\UnitConversions\Density.html <-- Microsoft /web/UnitConversions Density.html
2003.10.29 08:27 B C:\Program Files\WS_FTP\backup\web\UnitConversions\Diffusivity.html <-- Microsoft /web/UnitConversions Diffusivity.html
2003.10.29 08:27 B C:\Program Files\WS_FTP\backup\web\UnitConversions\DownloadUnitConversions.html <-- Microsoft /web/UnitConversions DownloadUnitConversions.html
2003.10.29 08:27 B C:\Program Files\WS_FTP\backup\web\UnitConversions\Energy.html <-- Microsoft /web/UnitConversions Energy.html
2003.10.29 08:27 B C:\Program Files\WS_FTP\backup\web\UnitConversions\EnergyConversions.gif <-- Microsoft /web/UnitConversions EnergyConversions.gif
2003.10.29 08:27 B C:\Program Files\WS_FTP\backup\web\UnitConversions\EnergyConversionsOptions.gif <-- Microsoft /web/UnitConversions EnergyConversionsOptions.gif
2003.10.29 08:27 B C:\Program Files\WS_FTP\backup\web\UnitConversions\Flowrate.html <-- Microsoft /web/UnitConversions Flowrate.html
2003.10.29 08:27 B C:\Program Files\WS_FTP\backup\web\UnitConversions\Force.html <-- Microsoft /web/UnitConversions Force.html
2003.10.29 08:27 B C:\Program Files\WS_FTP\backup\web\UnitConversions\ForceConversions.gif <-- Microsoft /web/UnitConversions ForceConversions.gif
2003.10.29 08:27 B C:\Program Files\WS_FTP\backup\web\UnitConversions\FreeUnitConversions.html <-- Microsoft /web/UnitConversions FreeUnitConversions.html
2003.10.29 08:27 B C:\Program Files\WS_FTP\backup\web\UnitConversions\FreeUnitConversions01.html <-- Microsoft /web/UnitConversions FreeUnitConversions01.html
2003.10.29 08:27 B C:\Program Files\WS_FTP\backup\web\UnitConversions\Frequency.html <-- Microsoft /web/UnitConversions Frequency.html
2003.10.29 08:27 B C:\Program Files\WS_FTP\backup\web\UnitConversions\HeatCapacity.html <-- Microsoft /web/UnitConversions HeatCapacity.html
2003.10.29 08:27 B C:\Program Files\WS_FTP\backup\web\UnitConversions\HeatChemical.html <-- Microsoft /web/UnitConversions HeatChemical.html
2003.10.29 08:27 B C:\Program Files\WS_FTP\backup\web\UnitConversions\HeatCoefficient.html <-- Microsoft /web/UnitConversions HeatCoefficient.html
2003.10.29 08:27 B C:\Program Files\WS_FTP\backup\web\UnitConversions\HeatDensity.html <-- Microsoft /web/UnitConversions HeatDensity.html
2003.10.29 08:27 B C:\Program Files\WS_FTP\backup\web\UnitConversions\HeatFlux.html <-- Microsoft /web/UnitConversions HeatFlux.html
2003.10.29 08:27 B C:\Program Files\WS_FTP\backup\web\UnitConversions\HeatMass.html <-- Microsoft /web/UnitConversions HeatMass.html
2003.10.29 08:27 B C:\Program Files\WS_FTP\backup\web\UnitConversions\HeatRate.html <-- Microsoft /web/UnitConversions HeatRate.html
2003.10.29 08:27 B C:\Program Files\WS_FTP\backup\web\UnitConversions\HeatVolume.html <-- Microsoft /web/UnitConversions HeatVolume.html
2003.10.29 08:27 B C:\Program Files\WS_FTP\backup\web\UnitConversions\InputFormat.pdf <-- Microsoft /web/UnitConversions InputFormat.pdf
2003.10.29 08:27 B C:\Program Files\WS_FTP\backup\web\UnitConversions\Insulance.html <-- Microsoft /web/UnitConversions Insulance.html
2003.10.29 08:27 B C:\Program Files\WS_FTP\backup\web\UnitConversions\Length.html <-- Microsoft /web/UnitConversions Length.html
2003.10.29 08:28 B C:\Program Files\WS_FTP\backup\web\UnitConversions\LinearExpasion.html <-- Microsoft /web/UnitConversions LinearExpasion.html
2003.10.29 08:28 B C:\Program Files\WS_FTP\backup\web\UnitConversions\MainUnitConversions.gif <-- Microsoft /web/UnitConversions MainUnitConversions.gif
2003.10.29 08:28 B C:\Program Files\WS_FTP\backup\web\UnitConversions\Mass.html <-- Microsoft /web/UnitConversions Mass.html
2003.10.29 08:28 B C:\Program Files\WS_FTP\backup\web\UnitConversions\MassDividedArea.html <-- Microsoft /web/UnitConversions MassDividedArea.html
2003.10.29 08:28 B C:\Program Files\WS_FTP\backup\web\UnitConversions\MassDividedLength.html <-- Microsoft /web/UnitConversions MassDividedLength.html
2003.10.29 08:28 B C:\Program Files\WS_FTP\backup\web\UnitConversions\MassFlowRate.html <-- Microsoft /web/UnitConversions MassFlowRate.html
2003.10.29 08:28 B C:\Program Files\WS_FTP\backup\web\UnitConversions\MassFlux.html <-- Microsoft /web/UnitConversions MassFlux.html
2003.10.29 08:28 B C:\Program Files\WS_FTP\backup\web\UnitConversions\MomentInertia.html <-- Microsoft /web/UnitConversions MomentInertia.html
2003.10.29 08:28 B C:\Program Files\WS_FTP\backup\web\UnitConversions\Momentum.html <-- Microsoft /web/UnitConversions Momentum.html
2003.10.29 08:28 B C:\Program Files\WS_FTP\backup\web\UnitConversions\MorePictures.html <-- Microsoft /web/UnitConversions MorePictures.html
2003.10.29 08:28 B C:\Program Files\WS_FTP\backup\web\UnitConversions\OrderUnitConversionsCD.html <-- Microsoft /web/UnitConversions OrderUnitConversionsCD.html
2003.10.29 08:28 B C:\Program Files\WS_FTP\backup\web\UnitConversions\PayDownloadUnitConversionsPicture.gif <-- Microsoft /web/UnitConversions PayDownloadUnitConversionsPicture.gif
2003.10.29 08:28 B C:\Program Files\WS_FTP\backup\web\UnitConversions\Pressure.html <-- Microsoft /web/UnitConversions Pressure.html
2003.10.29 08:28 B C:\Program Files\WS_FTP\backup\web\UnitConversions\PressureDrop.html <-- Microsoft /web/UnitConversions PressureDrop.html
2003.10.29 08:28 B C:\Program Files\WS_FTP\backup\web\UnitConversions\Resistivity.html <-- Microsoft /web/UnitConversions Resistivity.html
2003.10.29 08:28 B C:\Program Files\WS_FTP\backup\web\UnitConversions\SpecificHeat.html <-- Microsoft /web/UnitConversions SpecificHeat.html
2003.10.29 08:28 B C:\Program Files\WS_FTP\backup\web\UnitConversions\SpecificVolume.html <-- Microsoft /web/UnitConversions SpecificVolume.html
2003.10.29 08:28 B C:\Program Files\WS_FTP\backup\web\UnitConversions\SurfaceTension.html <-- Microsoft /web/UnitConversions SurfaceTension.html
2003.10.29 08:28 B C:\Program Files\WS_FTP\backup\web\UnitConversions\Symbols.pdf <-- Microsoft /web/UnitConversions Symbols.pdf
2003.10.29 08:28 B C:\Program Files\WS_FTP\backup\web\UnitConversions\Temperature.html <-- Microsoft /web/UnitConversions Temperature.html
2003.10.29 08:28 B C:\Program Files\WS_FTP\backup\web\UnitConversions\ThermalConductivity.html <-- Microsoft /web/UnitConversions ThermalConductivity.html
2003.10.29 08:28 B C:\Program Files\WS_FTP\backup\web\UnitConversions\ThermalConductivityConversions.gif <-- Microsoft /web/UnitConversions ThermalConductivityConversions.gif
2003.10.29 08:28 B C:\Program Files\WS_FTP\backup\web\UnitConversions\ThermalResistance.html <-- Microsoft /web/UnitConversions ThermalResistance.html
2003.10.29 08:28 B C:\Program Files\WS_FTP\backup\web\UnitConversions\Time.html <-- Microsoft /web/UnitConversions Time.html
2003.10.29 08:28 B C:\Program Files\WS_FTP\backup\web\UnitConversions\Torque.html <-- Microsoft /web/UnitConversions Torque.html
2003.10.29 08:29 B C:\Program Files\WS_FTP\backup\web\UnitConversions\UnitConversionsPicture.GIF <-- Microsoft /web/UnitConversions UnitConversionsPicture.GIF
2003.10.29 08:29 B C:\Program Files\WS_FTP\backup\web\UnitConversions\UnitConversionsPicture.html <-- Microsoft /web/UnitConversions UnitConversionsPicture.html
2003.10.29 08:29 B C:\Program Files\WS_FTP\backup\web\UnitConversions\Velocity.html <-- Microsoft /web/UnitConversions Velocity.html
2003.10.29 08:29 B C:\Program Files\WS_FTP\backup\web\UnitConversions\ViscosityDynamic.html <-- Microsoft /web/UnitConversions ViscosityDynamic.html
2003.10.29 08:29 B C:\Program Files\WS_FTP\backup\web\UnitConversions\ViscosityKinematic.html <-- Microsoft /web/UnitConversions ViscosityKinematic.html
2003.10.29 08:29 B C:\Program Files\WS_FTP\backup\web\UnitConversions\Volume.html <-- Microsoft /web/UnitConversions Volume.html
2003.10.29 08:29 B C:\Program Files\WS_FTP\backup\web\UnitConversions\VolumeConversions.gif <-- Microsoft /web/UnitConversions VolumeConversions.gif
2003.10.29 08:29 B C:\Program Files\WS_FTP\backup\web\UnitConversions\VolumeDividedEnergy.html <-- Microsoft /web/UnitConversions VolumeDividedEnergy.html
2003.10.29 08:29 B C:\Program Files\WS_FTP\backup\web\UnitConversions\VolumeExpasion.html <-- Microsoft /web/UnitConversions VolumeExpasion.html
2003.10.29 22:15 B C:\Program Files\WS_FTP\backup\web1\UnitConversions\AboutUnitConversions.html --> www.LePhanPublishing.com /web/UnitConversions AboutUnitConversions.html
2003.10.29 22:15 B C:\Program Files\WS_FTP\backup\web1\UnitConversions\Acceleration.html --> www.LePhanPublishing.com /web/UnitConversions Acceleration.html
2003.10.29 22:15 B C:\Program Files\WS_FTP\backup\web1\UnitConversions\Angle.html --> www.LePhanPublishing.com /web/UnitConversions Angle.html
2003.10.29 22:15 B C:\Program Files\WS_FTP\backup\web1\UnitConversions\AngularVelocity.html --> www.LePhanPublishing.com /web/UnitConversions AngularVelocity.html
2003.10.29 22:15 B C:\Program Files\WS_FTP\backup\web1\UnitConversions\AppletConvert.jar --> www.LePhanPublishing.com /web/UnitConversions AppletConvert.jar
2003.10.29 22:15 B C:\Program Files\WS_FTP\backup\web1\UnitConversions\Area.html --> www.LePhanPublishing.com /web/UnitConversions Area.html
2003.10.29 22:15 B C:\Program Files\WS_FTP\backup\web1\UnitConversions\AreaConversions.gif --> www.LePhanPublishing.com /web/UnitConversions AreaConversions.gif
2003.10.29 22:15 B C:\Program Files\WS_FTP\backup\web1\UnitConversions\blutextb_backgroundPage.gif --> www.LePhanPublishing.com /web/UnitConversions blutextb_backgroundPage.gif
2003.10.29 22:16 B C:\Program Files\WS_FTP\backup\web1\UnitConversions\CancelOrderUnitConversionsCD.html --> www.LePhanPublishing.com /web/UnitConversions CancelOrderUnitConversionsCD.html
2003.10.29 22:16 B C:\Program Files\WS_FTP\backup\web1\UnitConversions\Chemical.html --> www.LePhanPublishing.com /web/UnitConversions Chemical.html
2003.10.29 22:16 B C:\Program Files\WS_FTP\backup\web1\UnitConversions\ChemicalFlowRate.html --> www.LePhanPublishing.com /web/UnitConversions ChemicalFlowRate.html
2003.10.29 22:16 B C:\Program Files\WS_FTP\backup\web1\UnitConversions\CommonConversions.gif --> www.LePhanPublishing.com /web/UnitConversions CommonConversions.gif
2003.10.29 22:16 B C:\Program Files\WS_FTP\backup\web1\UnitConversions\CommonConversions.html --> www.LePhanPublishing.com /web/UnitConversions CommonConversions.html
2003.10.29 22:16 B C:\Program Files\WS_FTP\backup\web1\UnitConversions\CompleteOrderUnitConversionsCD.html --> www.LePhanPublishing.com /web/UnitConversions CompleteOrderUnitConversionsCD.html
2003.10.29 22:16 B C:\Program Files\WS_FTP\backup\web1\UnitConversions\CopyRight.pdf --> www.LePhanPublishing.com /web/UnitConversions CopyRight.pdf
2003.10.29 22:16 B C:\Program Files\WS_FTP\backup\web1\UnitConversions\CustomerDownload.html --> www.LePhanPublishing.com /web/UnitConversions CustomerDownload.html
2003.10.29 22:16 B C:\Program Files\WS_FTP\backup\web1\UnitConversions\Density.html --> www.LePhanPublishing.com /web/UnitConversions Density.html
2003.10.29 22:17 B C:\Program Files\WS_FTP\backup\web1\UnitConversions\Diffusivity.html --> www.LePhanPublishing.com /web/UnitConversions Diffusivity.html
2003.10.29 22:17 B C:\Program Files\WS_FTP\backup\web1\UnitConversions\DownloadUnitConversions.html --> www.LePhanPublishing.com /web/UnitConversions DownloadUnitConversions.html
2003.10.29 22:17 B C:\Program Files\WS_FTP\backup\web1\UnitConversions\Energy.html --> www.LePhanPublishing.com /web/UnitConversions Energy.html
2003.10.29 22:17 B C:\Program Files\WS_FTP\backup\web1\UnitConversions\EnergyConversions.gif --> www.LePhanPublishing.com /web/UnitConversions EnergyConversions.gif
2003.10.29 22:17 B C:\Program Files\WS_FTP\backup\web1\UnitConversions\EnergyConversionsOptions.gif --> www.LePhanPublishing.com /web/UnitConversions EnergyConversionsOptions.gif
2003.10.29 22:17 B C:\Program Files\WS_FTP\backup\web1\UnitConversions\Flowrate.html --> www.LePhanPublishing.com /web/UnitConversions Flowrate.html
2003.10.29 22:17 B C:\Program Files\WS_FTP\backup\web1\UnitConversions\Force.html --> www.LePhanPublishing.com /web/UnitConversions Force.html
2003.10.29 22:17 B C:\Program Files\WS_FTP\backup\web1\UnitConversions\ForceConversions.gif --> www.LePhanPublishing.com /web/UnitConversions ForceConversions.gif
2003.10.29 22:17 B C:\Program Files\WS_FTP\backup\web1\UnitConversions\FreeUnitConversions.html --> www.LePhanPublishing.com /web/UnitConversions FreeUnitConversions.html
2003.10.29 22:18 B C:\Program Files\WS_FTP\backup\web1\UnitConversions\FreeUnitConversions01.html --> www.LePhanPublishing.com /web/UnitConversions FreeUnitConversions01.html
2003.10.29 22:18 B C:\Program Files\WS_FTP\backup\web1\UnitConversions\Frequency.html --> www.LePhanPublishing.com /web/UnitConversions Frequency.html
2003.10.29 22:18 B C:\Program Files\WS_FTP\backup\web1\UnitConversions\HeatCapacity.html --> www.LePhanPublishing.com /web/UnitConversions HeatCapacity.html
2003.10.29 22:18 B C:\Program Files\WS_FTP\backup\web1\UnitConversions\HeatChemical.html --> www.LePhanPublishing.com /web/UnitConversions HeatChemical.html
2003.10.29 22:18 B C:\Program Files\WS_FTP\backup\web1\UnitConversions\HeatCoefficient.html --> www.LePhanPublishing.com /web/UnitConversions HeatCoefficient.html
2003.10.29 22:18 B C:\Program Files\WS_FTP\backup\web1\UnitConversions\HeatDensity.html --> www.LePhanPublishing.com /web/UnitConversions HeatDensity.html
2003.10.29 22:18 B C:\Program Files\WS_FTP\backup\web1\UnitConversions\HeatFlux.html --> www.LePhanPublishing.com /web/UnitConversions HeatFlux.html
2003.10.29 22:18 B C:\Program Files\WS_FTP\backup\web1\UnitConversions\HeatMass.html --> www.LePhanPublishing.com /web/UnitConversions HeatMass.html
2003.10.29 22:18 B C:\Program Files\WS_FTP\backup\web1\UnitConversions\HeatRate.html --> www.LePhanPublishing.com /web/UnitConversions HeatRate.html
2003.10.29 22:18 B C:\Program Files\WS_FTP\backup\web1\UnitConversions\HeatVolume.html --> www.LePhanPublishing.com /web/UnitConversions HeatVolume.html
2003.10.29 22:19 B C:\Program Files\WS_FTP\backup\web1\UnitConversions\InputFormat.pdf --> www.LePhanPublishing.com /web/UnitConversions InputFormat.pdf
2003.10.29 22:19 B C:\Program Files\WS_FTP\backup\web1\UnitConversions\Insulance.html --> www.LePhanPublishing.com /web/UnitConversions Insulance.html
2003.10.29 22:19 B C:\Program Files\WS_FTP\backup\web1\UnitConversions\Length.html --> www.LePhanPublishing.com /web/UnitConversions Length.html
2003.10.29 22:19 B C:\Program Files\WS_FTP\backup\web1\UnitConversions\LinearExpasion.html --> www.LePhanPublishing.com /web/UnitConversions LinearExpasion.html
2003.10.29 22:19 B C:\Program Files\WS_FTP\backup\web1\UnitConversions\MainUnitConversions.gif --> www.LePhanPublishing.com /web/UnitConversions MainUnitConversions.gif
2003.10.29 22:19 B C:\Program Files\WS_FTP\backup\web1\UnitConversions\Mass.html --> www.LePhanPublishing.com /web/UnitConversions Mass.html
2003.10.29 22:19 B C:\Program Files\WS_FTP\backup\web1\UnitConversions\MassDividedArea.html --> www.LePhanPublishing.com /web/UnitConversions MassDividedArea.html
2003.10.29 22:20 B C:\Program Files\WS_FTP\backup\web1\UnitConversions\MassDividedLength.html --> www.LePhanPublishing.com /web/UnitConversions MassDividedLength.html
2003.10.29 22:20 B C:\Program Files\WS_FTP\backup\web1\UnitConversions\MassFlowRate.html --> www.LePhanPublishing.com /web/UnitConversions MassFlowRate.html
2003.10.29 22:20 B C:\Program Files\WS_FTP\backup\web1\UnitConversions\MassFlux.html --> www.LePhanPublishing.com /web/UnitConversions MassFlux.html
2003.10.29 22:20 B C:\Program Files\WS_FTP\backup\web1\UnitConversions\MomentInertia.html --> www.LePhanPublishing.com /web/UnitConversions MomentInertia.html
2003.10.29 22:20 B C:\Program Files\WS_FTP\backup\web1\UnitConversions\Momentum.html --> www.LePhanPublishing.com /web/UnitConversions Momentum.html
2003.10.29 22:20 B C:\Program Files\WS_FTP\backup\web1\UnitConversions\MorePictures.html --> www.LePhanPublishing.com /web/UnitConversions MorePictures.html
2003.10.29 22:20 B C:\Program Files\WS_FTP\backup\web1\UnitConversions\OrderUnitConversionsCD.html --> www.LePhanPublishing.com /web/UnitConversions OrderUnitConversionsCD.html
2003.10.29 22:20 B C:\Program Files\WS_FTP\backup\web1\UnitConversions\PayDownloadUnitConversionsPicture.gif --> www.LePhanPublishing.com /web/UnitConversions PayDownloadUnitConversionsPicture.gif
2003.10.29 22:20 B C:\Program Files\WS_FTP\backup\web1\UnitConversions\Pressure.html --> www.LePhanPublishing.com /web/UnitConversions Pressure.html
2003.10.29 22:20 B C:\Program Files\WS_FTP\backup\web1\UnitConversions\PressureDrop.html --> www.LePhanPublishing.com /web/UnitConversions PressureDrop.html
2003.10.29 22:20 B C:\Program Files\WS_FTP\backup\web1\UnitConversions\Resistivity.html --> www.LePhanPublishing.com /web/UnitConversions Resistivity.html
2003.10.29 22:21 B C:\Program Files\WS_FTP\backup\web1\UnitConversions\SpecificHeat.html --> www.LePhanPublishing.com /web/UnitConversions SpecificHeat.html
2003.10.29 22:21 B C:\Program Files\WS_FTP\backup\web1\UnitConversions\SpecificVolume.html --> www.LePhanPublishing.com /web/UnitConversions SpecificVolume.html
2003.10.29 22:21 B C:\Program Files\WS_FTP\backup\web1\UnitConversions\SurfaceTension.html --> www.LePhanPublishing.com /web/UnitConversions SurfaceTension.html
2003.10.29 22:21 B C:\Program Files\WS_FTP\backup\web1\UnitConversions\Symbols.pdf --> www.LePhanPublishing.com /web/UnitConversions Symbols.pdf
2003.10.29 22:21 B C:\Program Files\WS_FTP\backup\web1\UnitConversions\Temperature.html --> www.LePhanPublishing.com /web/UnitConversions Temperature.html
2003.10.29 22:21 B C:\Program Files\WS_FTP\backup\web1\UnitConversions\ThermalConductivity.html --> www.LePhanPublishing.com /web/UnitConversions ThermalConductivity.html
2003.10.29 22:22 B C:\Program Files\WS_FTP\backup\web1\UnitConversions\ThermalConductivityConversions.gif --> www.LePhanPublishing.com /web/UnitConversions ThermalConductivityConversions.gif
2003.10.29 22:22 B C:\Program Files\WS_FTP\backup\web1\UnitConversions\ThermalResistance.html --> www.LePhanPublishing.com /web/UnitConversions ThermalResistance.html
2003.10.29 22:22 B C:\Program Files\WS_FTP\backup\web1\UnitConversions\Time.html --> www.LePhanPublishing.com /web/UnitConversions Time.html
2003.10.29 22:22 B C:\Program Files\WS_FTP\backup\web1\UnitConversions\Torque.html --> www.LePhanPublishing.com /web/UnitConversions Torque.html
2003.10.29 22:22 B C:\Program Files\WS_FTP\backup\web1\UnitConversions\UnitConversionsPicture.GIF --> www.LePhanPublishing.com /web/UnitConversions UnitConversionsPicture.GIF
2003.10.29 22:22 B C:\Program Files\WS_FTP\backup\web1\UnitConversions\UnitConversionsPicture.html --> www.LePhanPublishing.com /web/UnitConversions UnitConversionsPicture.html
2003.10.29 22:22 B C:\Program Files\WS_FTP\backup\web1\UnitConversions\Velocity.html --> www.LePhanPublishing.com /web/UnitConversions Velocity.html
2003.10.29 22:22 B C:\Program Files\WS_FTP\backup\web1\UnitConversions\ViscosityDynamic.html --> www.LePhanPublishing.com /web/UnitConversions ViscosityDynamic.html
2003.10.29 22:22 B C:\Program Files\WS_FTP\backup\web1\UnitConversions\ViscosityKinematic.html --> www.LePhanPublishing.com /web/UnitConversions ViscosityKinematic.html
2003.10.29 22:22 B C:\Program Files\WS_FTP\backup\web1\UnitConversions\Volume.html --> www.LePhanPublishing.com /web/UnitConversions Volume.html
2003.10.29 22:23 B C:\Program Files\WS_FTP\backup\web1\UnitConversions\VolumeConversions.gif --> www.LePhanPublishing.com /web/UnitConversions VolumeConversions.gif
2003.10.29 22:23 B C:\Program Files\WS_FTP\backup\web1\UnitConversions\VolumeDividedEnergy.html --> www.LePhanPublishing.com /web/UnitConversions VolumeDividedEnergy.html
2003.10.29 22:23 B C:\Program Files\WS_FTP\backup\web1\UnitConversions\VolumeExpasion.html --> www.LePhanPublishing.com /web/UnitConversions VolumeExpasion.html
