2003.10.29 08:29 B C:\Program Files\WS_FTP\backup\web\_vti_inf.html <-- Microsoft /web _vti_inf.html
2003.10.29 08:29 B C:\Program Files\WS_FTP\backup\web\blutextb_backgroundPage.gif <-- Microsoft /web blutextb_backgroundPage.gif
2003.10.29 08:29 B C:\Program Files\WS_FTP\backup\web\BuyThisBook.gif <-- Microsoft /web BuyThisBook.gif
2003.10.29 08:29 B C:\Program Files\WS_FTP\backup\web\BuyThisBook1995.gif <-- Microsoft /web BuyThisBook1995.gif
2003.10.29 08:29 B C:\Program Files\WS_FTP\backup\web\CancelOrder.html <-- Microsoft /web CancelOrder.html
2003.10.29 08:29 B C:\Program Files\WS_FTP\backup\web\CompleteOrder.html <-- Microsoft /web CompleteOrder.html
2003.10.29 08:29 B C:\Program Files\WS_FTP\backup\web\CopyRight.html <-- Microsoft /web CopyRight.html
2003.10.29 08:29 B C:\Program Files\WS_FTP\backup\web\index.html <-- Microsoft /web index.html
2003.10.29 08:29 B C:\Program Files\WS_FTP\backup\web\index02.html <-- Microsoft /web index02.html
2003.10.29 08:29 B C:\Program Files\WS_FTP\backup\web\MATLAB C++.htm <-- Microsoft /web MATLAB C++.htm
2003.10.29 08:29 B C:\Program Files\WS_FTP\backup\web\MATLAB C++.html <-- Microsoft /web MATLAB C++.html
2003.10.29 08:29 B C:\Program Files\WS_FTP\backup\web\MATLABbookPurchasing.html <-- Microsoft /web MATLABbookPurchasing.html
2003.10.29 08:30 B C:\Program Files\WS_FTP\backup\web\MATLABC++.html <-- Microsoft /web MATLABC++.html
2003.10.29 08:30 B C:\Program Files\WS_FTP\backup\web\OrderMATLABC++.html <-- Microsoft /web OrderMATLABC++.html
2003.10.29 08:30 B C:\Program Files\WS_FTP\backup\web\PayDownloadUnitConversionsPicture.gif <-- Microsoft /web PayDownloadUnitConversionsPicture.gif
2003.10.29 08:30 B C:\Program Files\WS_FTP\backup\web\postinfo.html <-- Microsoft /web postinfo.html
2003.10.29 08:30 B C:\Program Files\WS_FTP\backup\web\PreorderMATLABC++.html <-- Microsoft /web PreorderMATLABC++.html
2003.10.29 08:30 B C:\Program Files\WS_FTP\backup\web\Sunflowr.jpg <-- Microsoft /web Sunflowr.jpg
2003.10.29 08:30 B C:\Program Files\WS_FTP\backup\web\TestHitCounter.htm <-- Microsoft /web TestHitCounter.htm
2003.10.29 08:30 B C:\Program Files\WS_FTP\backup\web\TestHitCounter02.htm <-- Microsoft /web TestHitCounter02.htm
2003.10.29 08:30 B C:\Program Files\WS_FTP\backup\web\TestHitCounter03.htm <-- Microsoft /web TestHitCounter03.htm
2003.10.29 08:30 B C:\Program Files\WS_FTP\backup\web\UnitConversionFactors.pdf <-- Microsoft /web UnitConversionFactors.pdf
2003.10.29 08:30 B C:\Program Files\WS_FTP\backup\web\UnitConversions.html <-- Microsoft /web UnitConversions.html
2003.10.29 08:30 B C:\Program Files\WS_FTP\backup\web\UnitConversions01.html <-- Microsoft /web UnitConversions01.html
2003.10.29 08:30 B C:\Program Files\WS_FTP\backup\web\UnitConversionsWelcome.html <-- Microsoft /web UnitConversionsWelcome.html
2003.10.29 22:24 B C:\Program Files\WS_FTP\backup\web1\.htaccess --> www.LePhanPublishing.com /web .htaccess
2003.10.29 23:14 B C:\Program Files\WS_FTP\backup\web1\.htaccess --> www.LePhanPublishing.com /web .htaccess
2003.10.29 23:14 B C:\Program Files\WS_FTP\backup\web1\_vti_inf.html --> www.LePhanPublishing.com /web _vti_inf.html
2003.10.29 23:14 B C:\Program Files\WS_FTP\backup\web1\blutextb_backgroundPage.gif --> www.LePhanPublishing.com /web blutextb_backgroundPage.gif
2003.10.29 23:14 B C:\Program Files\WS_FTP\backup\web1\BuyThisBook.gif --> www.LePhanPublishing.com /web BuyThisBook.gif
2003.10.29 23:14 B C:\Program Files\WS_FTP\backup\web1\BuyThisBook1995.gif --> www.LePhanPublishing.com /web BuyThisBook1995.gif
2003.10.29 23:14 B C:\Program Files\WS_FTP\backup\web1\CancelOrder.html --> www.LePhanPublishing.com /web CancelOrder.html
2003.10.29 23:15 B C:\Program Files\WS_FTP\backup\web1\CompleteOrder.html --> www.LePhanPublishing.com /web CompleteOrder.html
2003.10.29 23:15 B C:\Program Files\WS_FTP\backup\web1\CopyRight.html --> www.LePhanPublishing.com /web CopyRight.html
2003.10.29 23:15 B C:\Program Files\WS_FTP\backup\web1\index.html --> www.LePhanPublishing.com /web index.html
2003.10.29 23:15 B C:\Program Files\WS_FTP\backup\web1\index02.html --> www.LePhanPublishing.com /web index02.html
2003.10.29 23:15 B C:\Program Files\WS_FTP\backup\web1\MATLAB C++.htm --> www.LePhanPublishing.com /web MATLAB C++.htm
2003.10.29 23:16 B C:\Program Files\WS_FTP\backup\web1\PreorderMATLABC++.html --> www.LePhanPublishing.com /web PreorderMATLABC++.html
2003.10.29 23:16 B C:\Program Files\WS_FTP\backup\web1\Sunflowr.jpg --> www.LePhanPublishing.com /web Sunflowr.jpg
2003.10.29 23:16 B C:\Program Files\WS_FTP\backup\web1\TestHitCounter.htm --> www.LePhanPublishing.com /web TestHitCounter.htm
2003.10.29 23:16 B C:\Program Files\WS_FTP\backup\web1\TestHitCounter02.htm --> www.LePhanPublishing.com /web TestHitCounter02.htm
2003.10.29 23:16 B C:\Program Files\WS_FTP\backup\web1\TestHitCounter03.htm --> www.LePhanPublishing.com /web TestHitCounter03.htm
2003.10.29 23:17 B C:\Program Files\WS_FTP\backup\web1\UnitConversionFactors.pdf --> www.LePhanPublishing.com /web UnitConversionFactors.pdf
2003.10.29 23:17 B C:\Program Files\WS_FTP\backup\web1\UnitConversions.html --> www.LePhanPublishing.com /web UnitConversions.html
2003.10.29 23:17 B C:\Program Files\WS_FTP\backup\web1\UnitConversions01.html --> www.LePhanPublishing.com /web UnitConversions01.html
2003.10.29 23:17 B C:\Program Files\WS_FTP\backup\web1\UnitConversionsWelcome.html --> www.LePhanPublishing.com /web UnitConversionsWelcome.html
