2004.10.12 09:37 B C:\MyWebs\MyWebSite\MATLABbook\ThirdEdition\MatlabPictureThirdEdition.jpg --> www.LePhanPublishing.com /web/MATLABbook/ThirdEdition MatlabPictureThirdEdition.jpg
2004.10.12 09:42 B C:\MyWebs\MyWebSite\MATLABbook\ThirdEdition\MatlabPictureThirdEdition.gif --> www.LePhanPublishing.com /web/MATLABbook/ThirdEdition MatlabPictureThirdEdition.gif
2004.10.12 10:26 B C:\MyWebs\MyWebSite\MATLABbook\ThirdEdition\ThirdContent01.jpg --> www.LePhanPublishing.com /web/MATLABbook/ThirdEdition ThirdContent01.jpg
2004.10.12 10:26 B C:\MyWebs\MyWebSite\MATLABbook\ThirdEdition\ThirdContent02.jpg --> www.LePhanPublishing.com /web/MATLABbook/ThirdEdition ThirdContent02.jpg
2004.10.12 10:26 B C:\MyWebs\MyWebSite\MATLABbook\ThirdEdition\ThirdContent03.jpg --> www.LePhanPublishing.com /web/MATLABbook/ThirdEdition ThirdContent03.jpg
2004.10.12 10:26 B C:\MyWebs\MyWebSite\MATLABbook\ThirdEdition\ThirdContent04.jpg --> www.LePhanPublishing.com /web/MATLABbook/ThirdEdition ThirdContent04.jpg
2004.10.12 10:27 B C:\MyWebs\MyWebSite\MATLABbook\ThirdEdition\MatlabPictureThirdEdition.gif --> www.LePhanPublishing.com /web/MATLABbook/ThirdEdition MatlabPictureThirdEdition.gif
2004.10.12 11:02 B C:\MyWebs\MyWebSite\MATLABbook\ThirdEdition\BookThirdEdition.html --> www.LePhanPublishing.com /web/MATLABbook/ThirdEdition BookThirdEdition.html
2004.10.12 14:46 B C:\MyWebs\MyWebSite\MATLABbook\ThirdEdition\OrderMatlabBookCompiler4.html --> www.LePhanPublishing.com /web/MATLABbook/ThirdEdition OrderMatlabBookCompiler4.html
2004.10.12 14:51 B C:\MyWebs\MyWebSite\MATLABbook\ThirdEdition\BookThirdEdition.html --> www.LePhanPublishing.com /web/MATLABbook/ThirdEdition BookThirdEdition.html
2004.10.12 14:53 B C:\MyWebs\MyWebSite\MATLABbook\ThirdEdition\BookThirdEdition.html --> www.LePhanPublishing.com /web/MATLABbook/ThirdEdition BookThirdEdition.html
2004.11.23 15:31 B C:\MyWebs\MyWebSite\MATLABbook\ThirdEdition\BookThirdEdition.html --> www.LePhanPublishing.com /web/MATLABbook/ThirdEdition BookThirdEdition.html
2004.11.23 15:45 B C:\MyWebs\MyWebSite\MATLABbook\ThirdEdition\BookThirdEdition.html --> www.LePhanPublishing.com /web/MATLABbook/ThirdEdition BookThirdEdition.html
2004.11.24 11:53 B C:\MyWebs\MyWebSite\MATLABbook\ThirdEdition\ChangeInNet2003.html --> www.LePhanPublishing.com /web/MATLABbook/ThirdEdition ChangeInNet2003.html
2004.11.24 11:53 B C:\MyWebs\MyWebSite\MATLABbook\ThirdEdition\BookThirdEdition.html --> www.LePhanPublishing.com /web/MATLABbook/ThirdEdition BookThirdEdition.html
2004.11.24 12:19 B C:\MyWebs\MyWebSite\MATLABbook\ThirdEdition\BookThirdEdition.html --> www.LePhanPublishing.com /web/MATLABbook/ThirdEdition BookThirdEdition.html
2004.11.24 12:32 B C:\MyWebs\MyWebSite\MATLABbook\ThirdEdition\MatlabPictureThirdEdition.jpg --> www.LePhanPublishing.com /web/MATLABbook/ThirdEdition MatlabPictureThirdEdition.jpg
2004.11.24 12:45 B C:\MyWebs\MyWebSite\MATLABbook\ThirdEdition\MatlabPictureThirdEdition.jpg --> www.LePhanPublishing.com /web/MATLABbook/ThirdEdition MatlabPictureThirdEdition.jpg
2004.11.24 12:48 B C:\MyWebs\MyWebSite\MATLABbook\ThirdEdition\BookThirdEdition.html --> www.LePhanPublishing.com /web/MATLABbook/ThirdEdition BookThirdEdition.html
2004.11.24 12:51 B C:\MyWebs\MyWebSite\MATLABbook\ThirdEdition\MatlabPictureThirdEdition.jpg --> www.LePhanPublishing.com /web/MATLABbook/ThirdEdition MatlabPictureThirdEdition.jpg
2004.11.24 12:54 B C:\MyWebs\MyWebSite\MATLABbook\ThirdEdition\BookThirdEdition.html --> www.LePhanPublishing.com /web/MATLABbook/ThirdEdition BookThirdEdition.html
2004.11.26 22:06 B C:\MyWebs\MyWebSite\MATLABbook\ThirdEdition\ChangeInNet2003.html --> www.LePhanPublishing.com /web/MATLABbook/ThirdEdition ChangeInNet2003.html
2004.11.26 22:08 B C:\MyWebs\MyWebSite\MATLABbook\ThirdEdition\ChangeInNet2003.html --> www.LePhanPublishing.com /web/MATLABbook/ThirdEdition ChangeInNet2003.html
2004.11.27 22:50 B C:\MyWebs\MyWebSite\MATLABbook\ThirdEdition\MatlabPictureThirdEdition.jpg --> www.LePhanPublishing.com /web/MATLABbook/ThirdEdition MatlabPictureThirdEdition.jpg
2004.11.27 22:51 B C:\MyWebs\MyWebSite\MATLABbook\ThirdEdition\BookThirdEdition.html --> www.LePhanPublishing.com /web/MATLABbook/ThirdEdition BookThirdEdition.html
2004.11.29 08:41 B C:\MyWebs\MyWebSite\MATLABbook\ThirdEdition\BookThirdEdition.html --> www.LePhanPublishing.com /web/MATLABbook/ThirdEdition BookThirdEdition.html
2004.11.29 08:41 B C:\MyWebs\MyWebSite\MATLABbook\ThirdEdition\MatlabPictureThirdEdition.jpg --> www.LePhanPublishing.com /web/MATLABbook/ThirdEdition MatlabPictureThirdEdition.jpg
2004.12.22 20:07 B C:\MyWebs\MyWebSite\MATLABbook\ThirdEdition\OrderMatlabBookCompiler4.html --> www.LePhanPublishing.com /web/MATLABbook/ThirdEdition OrderMatlabBookCompiler4.html
2005.01.15 11:35 B C:\MyWebs\MyWebSite\MATLABbook\ThirdEdition\OrderMatlabBookCompiler4.html --> www.LePhanPublishing.com /web/MATLABbook/ThirdEdition OrderMatlabBookCompiler4.html
2005.01.21 22:58 B C:\MyWebs\MyWebSite\MATLABbook\ThirdEdition\DownloadMatlabBookCompiler4.html --> ftp.lephanpublishing.com /web/MATLABbook/ThirdEdition DownloadMatlabBookCompiler4.html
2005.02.03 17:10 B C:\MyWebs\MyWebSite\MATLABbook\ThirdEdition\PageDownloadMATLABbook_ser234.html <-- LePhanPublishing /web/MATLABbook/ThirdEdition PageDownloadMATLABbook_ser234.html
2005.03.10 21:30 B C:\MyWebs\MyWebSite\MATLABbook\ThirdEdition\BookThirdEdition.html --> ftp.lephanpublishing.com /web/MATLABbook/ThirdEdition BookThirdEdition.html
2005.03.10 21:38 B C:\MyWebs\MyWebSite\MATLABbook\ThirdEdition\BookThirdEdition.html --> ftp.lephanpublishing.com /web/MATLABbook/ThirdEdition BookThirdEdition.html
2005.03.10 21:41 B C:\MyWebs\MyWebSite\MATLABbook\ThirdEdition\BookThirdEdition.html --> ftp.lephanpublishing.com /web/MATLABbook/ThirdEdition BookThirdEdition.html
2005.07.30 00:03 B C:\MyWebs\MyWebSite\MATLABbook\ThirdEdition\BookThirdEdition.html --> ftp.lephanpublishing.com /web/MATLABbook/ThirdEdition BookThirdEdition.html
2006.02.08 21:11 B C:\MyDocuments\FromBackUp\MyWebs\MyWebSite\MATLABbook\ThirdEdition\BookThirdEdition.html --> ftp.lephanpublishing.com /web/MATLABbook/ThirdEdition BookThirdEdition.html
2006.10.16 14:12 B C:\MyDocuments\MyWebs\MyWebSite\MATLABbook\FourthEdition\BookFourthEdition.html --> ftp.lephanpublishing.com /web/MATLABbook/FourthEdition BookFourthEdition.html
2006.10.16 14:12 B C:\MyDocuments\MyWebs\MyWebSite\MATLABbook\FourthEdition\BookFourthEditionInEbay.html --> ftp.lephanpublishing.com /web/MATLABbook/FourthEdition BookFourthEditionInEbay.html
2006.10.16 14:12 B C:\MyDocuments\MyWebs\MyWebSite\MATLABbook\FourthEdition\DownloadMatlabCppFourthEdition.html --> ftp.lephanpublishing.com /web/MATLABbook/FourthEdition DownloadMatlabCppFourthEdition.html
2006.10.16 14:12 B C:\MyDocuments\MyWebs\MyWebSite\MATLABbook\FourthEdition\FourthContent01.gif --> ftp.lephanpublishing.com /web/MATLABbook/FourthEdition FourthContent01.gif
2006.10.16 14:12 B C:\MyDocuments\MyWebs\MyWebSite\MATLABbook\FourthEdition\FourthContent02.gif --> ftp.lephanpublishing.com /web/MATLABbook/FourthEdition FourthContent02.gif
2006.10.16 14:12 B C:\MyDocuments\MyWebs\MyWebSite\MATLABbook\FourthEdition\FourthContent03.gif --> ftp.lephanpublishing.com /web/MATLABbook/FourthEdition FourthContent03.gif
2006.10.16 14:12 B C:\MyDocuments\MyWebs\MyWebSite\MATLABbook\FourthEdition\FourthContent04.gif --> ftp.lephanpublishing.com /web/MATLABbook/FourthEdition FourthContent04.gif
2006.10.16 14:12 B C:\MyDocuments\MyWebs\MyWebSite\MATLABbook\FourthEdition\MatlabBookTitleFourEdition.gif --> ftp.lephanpublishing.com /web/MATLABbook/FourthEdition MatlabBookTitleFourEdition.gif
2006.10.16 14:12 B C:\MyDocuments\MyWebs\MyWebSite\MATLABbook\FourthEdition\MatlabBookTitleFourEdition.htm --> ftp.lephanpublishing.com /web/MATLABbook/FourthEdition MatlabBookTitleFourEdition.htm
2006.10.16 14:15 B C:\MyDocuments\MyWebs\MyWebSite\MATLABbook\FourthEdition\MATLABCppFourthEdition.zip --> ftp.lephanpublishing.com /web/MATLABbook/FourthEdition MATLABCppFourthEdition.zip
2006.10.16 14:15 B C:\MyDocuments\MyWebs\MyWebSite\MATLABbook\FourthEdition\OrderMatlabBookCompiler4.html --> ftp.lephanpublishing.com /web/MATLABbook/FourthEdition OrderMatlabBookCompiler4.html
2006.10.16 14:15 B C:\MyDocuments\MyWebs\MyWebSite\MATLABbook\FourthEdition\PageDownloadMATLABbookFourEdition_s2t3l4.html --> ftp.lephanpublishing.com /web/MATLABbook/FourthEdition PageDownloadMATLABbookFourEdition_s2t3l4.html
2006.10.16 14:15 B C:\MyDocuments\MyWebs\MyWebSite\MATLABbook\FourthEdition\PictureMatlabCppFourthEditionWebCD2.gif --> ftp.lephanpublishing.com /web/MATLABbook/FourthEdition PictureMatlabCppFourthEditionWebCD2.gif
